[INFO] 12:32:33:811 Servidor/(7604:7604): Servidor listo para recibir al cliente
[INFO] 12:32:55:985 Servidor/(7604:7604): Se conecto un cliente!
[ERROR] 12:33:04:938 Servidor/(7604:7604): el cliente se desconecto. Terminando servidor
[INFO] 12:33:48:173 Servidor/(7618:7618): Servidor listo para recibir al cliente
[INFO] 12:38:33:223 Servidor/(7744:7744): Servidor listo para recibir al cliente
[INFO] 12:38:48:724 Servidor/(7744:7744): Se conecto un cliente!
[ERROR] 12:38:55:535 Servidor/(7744:7744): el cliente se desconecto. Terminando servidor
[INFO] 12:40:29:875 Servidor/(7821:7821): Servidor listo para recibir al cliente
[INFO] 12:40:49:617 Servidor/(7821:7821): Se conecto un cliente!
[INFO] 12:40:49:618 Servidor/(7821:7821): Me llego el mensaje valor
[ERROR] 12:41:05:216 Servidor/(7821:7821): el cliente se desconecto. Terminando servidor
[INFO] 12:42:53:545 Servidor/(7912:7912): Servidor listo para recibir al cliente
[INFO] 12:44:09:309 Servidor/(7978:7978): Servidor listo para recibir al cliente
[INFO] 12:44:37:589 Servidor/(7997:7997): Servidor listo para recibir al cliente
[INFO] 12:45:32:541 Servidor/(8053:8053): Servidor listo para recibir al cliente
[INFO] 12:46:29:957 Servidor/(8099:8099): Servidor listo para recibir al cliente
[INFO] 12:49:10:173 Servidor/(8208:8208): Servidor listo para recibir al cliente
[INFO] 12:49:17:477 Servidor/(8208:8208): Se conecto un cliente!
[INFO] 12:49:17:477 Servidor/(8208:8208): Me llego el mensaje valor
[ERROR] 12:49:24:674 Servidor/(8208:8208): el cliente se desconecto. Terminando servidor
[INFO] 12:50:05:610 Servidor/(8229:8229): Servidor listo para recibir al cliente
[INFO] 12:50:27:077 Servidor/(8231:8231): Servidor listo para recibir al cliente
[INFO] 12:51:08:222 Servidor/(8249:8249): Servidor listo para recibir al cliente
[INFO] 12:51:26:165 Servidor/(8249:8249): Se conecto un cliente!
[INFO] 12:51:26:166 Servidor/(8249:8249): Me llego el mensaje valor
[INFO] 12:51:26:927 Servidor/(8249:8249): Me llegaron los siguientes valores:

[ERROR] 12:51:26:927 Servidor/(8249:8249): el cliente se desconecto. Terminando servidor
[INFO] 12:52:13:245 Servidor/(8274:8274): Servidor listo para recibir al cliente
[INFO] 12:52:34:876 Servidor/(8274:8274): Se conecto un cliente!
[INFO] 12:52:34:876 Servidor/(8274:8274): Me llego el mensaje valor
[INFO] 12:52:37:726 Servidor/(8274:8274): Me llegaron los siguientes valores:

[ERROR] 12:52:37:726 Servidor/(8274:8274): el cliente se desconecto. Terminando servidor
[INFO] 12:59:01:415 Servidor/(8404:8404): Servidor listo para recibir al cliente
[INFO] 12:59:17:406 Servidor/(8404:8404): Se conecto un cliente!
[INFO] 12:59:17:406 Servidor/(8404:8404): Me llego el mensaje valor
[INFO] 12:59:20:752 Servidor/(8404:8404): Me llegaron los siguientes valores:

[ERROR] 12:59:20:752 Servidor/(8404:8404): el cliente se desconecto. Terminando servidor
[INFO] 13:03:37:790 Servidor/(8507:8507): Servidor listo para recibir al cliente
[INFO] 13:03:55:769 Servidor/(8507:8507): Se conecto un cliente!
[INFO] 13:03:55:769 Servidor/(8507:8507): Me llego el mensaje valor
[INFO] 13:04:13:580 Servidor/(8507:8507): Me llegaron los siguientes valores:

[ERROR] 13:04:13:580 Servidor/(8507:8507): el cliente se desconecto. Terminando servidor
